<?xml version="1.0" encoding="UTF-8"?>
<!-- Generated by org.testng.reporters.JUnitXMLReporter -->
<testsuite ignored="0" hostname="DESKTOP-D4H6QD2" failures="0" tests="3" name="Test" time="9.193" errors="0" timestamp="2025-04-21T15:03:09 EDT">
  <testcase classname="testcases.Shopping" name="tc1_testLogin" time="0.389"/>
  <testcase classname="testcases.Shopping" name="tc2_addToCart" time="0.206"/>
  <testcase classname="testcases.Shopping" name="tc3_checkOut" time="0.35"/>
</testsuite> <!-- Test -->
