<?xml version="1.0" encoding="UTF-8"?>
<testng-results ignored="0" total="3" passed="3" failed="0" skipped="0">
  <reporter-output>
  </reporter-output>
  <suite started-at="2025-04-18T21:48:54 EDT" name="Default suite" finished-at="2025-04-18T21:49:01 EDT" duration-ms="7280">
    <groups>
    </groups>
    <test started-at="2025-04-18T21:48:54 EDT" name="Default test" finished-at="2025-04-18T21:49:01 EDT" duration-ms="7280">
      <class name="testcases.Shopping">
        <test-method is-config="true" signature="beforeTest()[pri:0, instance:testcases.Shopping@41a2befb]" started-at="2025-04-18T21:48:54 EDT" name="beforeTest" finished-at="2025-04-18T21:48:54 EDT" duration-ms="9" status="PASS">
          <reporter-output>
          </reporter-output>
        </test-method> <!-- beforeTest -->
        <test-method is-config="true" signature="beforeClass()[pri:0, instance:testcases.Shopping@41a2befb]" started-at="2025-04-18T21:48:54 EDT" name="beforeClass" finished-at="2025-04-18T21:49:00 EDT" duration-ms="6401" status="PASS">
          <reporter-output>
          </reporter-output>
        </test-method> <!-- beforeClass -->
        <test-method signature="tc1_testLogin()[pri:0, instance:testcases.Shopping@41a2befb]" started-at="2025-04-18T21:49:00 EDT" name="tc1_testLogin" finished-at="2025-04-18T21:49:01 EDT" duration-ms="345" status="PASS">
          <reporter-output>
          </reporter-output>
        </test-method> <!-- tc1_testLogin -->
        <test-method signature="tc2_addToCart()[pri:0, instance:testcases.Shopping@41a2befb]" started-at="2025-04-18T21:49:01 EDT" name="tc2_addToCart" finished-at="2025-04-18T21:49:01 EDT" duration-ms="210" status="PASS">
          <reporter-output>
          </reporter-output>
        </test-method> <!-- tc2_addToCart -->
        <test-method signature="tc3_checkOut()[pri:0, instance:testcases.Shopping@41a2befb]" started-at="2025-04-18T21:49:01 EDT" name="tc3_checkOut" finished-at="2025-04-18T21:49:01 EDT" duration-ms="274" status="PASS">
          <reporter-output>
          </reporter-output>
        </test-method> <!-- tc3_checkOut -->
        <test-method is-config="true" signature="afterTest()[pri:0, instance:testcases.Shopping@41a2befb]" started-at="2025-04-18T21:49:01 EDT" name="afterTest" finished-at="2025-04-18T21:49:01 EDT" duration-ms="0" status="PASS">
          <reporter-output>
          </reporter-output>
        </test-method> <!-- afterTest -->
      </class> <!-- testcases.Shopping -->
    </test> <!-- Default test -->
  </suite> <!-- Default suite -->
</testng-results>
