<?xml version="1.0" encoding="UTF-8"?>
<testng-results ignored="0" total="2" passed="2" failed="0" skipped="0">
  <reporter-output>
  </reporter-output>
  <suite started-at="2025-04-17T16:17:02 EDT" name="Default suite" finished-at="2025-04-17T16:17:09 EDT" duration-ms="7028">
    <groups>
    </groups>
    <test started-at="2025-04-17T16:17:02 EDT" name="Default test" finished-at="2025-04-17T16:17:09 EDT" duration-ms="7028">
      <class name="testcases.Shopping">
        <test-method is-config="true" signature="beforeTest()[pri:0, instance:testcases.Shopping@77f1baf5]" started-at="2025-04-17T16:17:02 EDT" name="beforeTest" finished-at="2025-04-17T16:17:02 EDT" duration-ms="8" status="PASS">
          <reporter-output>
          </reporter-output>
        </test-method> <!-- beforeTest -->
        <test-method is-config="true" signature="beforeClass()[pri:0, instance:testcases.Shopping@77f1baf5]" started-at="2025-04-17T16:17:02 EDT" name="beforeClass" finished-at="2025-04-17T16:17:09 EDT" duration-ms="6446" status="PASS">
          <reporter-output>
          </reporter-output>
        </test-method> <!-- beforeClass -->
        <test-method signature="testLogin()[pri:0, instance:testcases.Shopping@77f1baf5]" started-at="2025-04-17T16:17:09 EDT" name="testLogin" finished-at="2025-04-17T16:17:09 EDT" duration-ms="333" status="PASS">
          <reporter-output>
          </reporter-output>
        </test-method> <!-- testLogin -->
        <test-method signature="addToCart()[pri:1, instance:testcases.Shopping@77f1baf5]" started-at="2025-04-17T16:17:09 EDT" name="addToCart" finished-at="2025-04-17T16:17:09 EDT" duration-ms="198" status="PASS">
          <reporter-output>
          </reporter-output>
        </test-method> <!-- addToCart -->
        <test-method is-config="true" signature="afterTest()[pri:0, instance:testcases.Shopping@77f1baf5]" started-at="2025-04-17T16:17:09 EDT" name="afterTest" finished-at="2025-04-17T16:17:09 EDT" duration-ms="0" status="PASS">
          <reporter-output>
          </reporter-output>
        </test-method> <!-- afterTest -->
      </class> <!-- testcases.Shopping -->
    </test> <!-- Default test -->
  </suite> <!-- Default suite -->
</testng-results>
